app/build/intermediates/manifest_merge_blame_file/debug/manifest-merger-blame-debug-report.txt
1<?xml version="1.0" encoding="utf-8"?>
2<!--
3  ~ Copyright 2020 The Android Open Source Project
4  ~
5  ~ Licensed under the Apache License, Version 2.0 (the "License");
6  ~ you may not use this file except in compliance with the License.
7  ~ You may obtain a copy of the License at
8  ~
9  ~     https://www.apache.org/licenses/LICENSE-2.0
10  ~
11  ~ Unless required by applicable law or agreed to in writing, software
12  ~ distributed under the License is distributed on an "AS IS" BASIS,
13  ~ WITHOUT WARRANTIES OR CONDITIONS OF ANY KIND, either express or implied.
14  ~ See the License for the specific language governing permissions and
15  ~ limitations under the License.
16-->
17<manifest xmlns:android="http://schemas.android.com/apk/res/android"
18    package="com.android.example.camerax.video"
19    android:versionCode="1"
20    android:versionName="1.0.0" >
21
22    <uses-sdk
23        android:minSdkVersion="21"
23-->src\main\AndroidManifest.xml
24        android:targetSdkVersion="31" />
24-->src\main\AndroidManifest.xml
25
26    <!-- Permission declarations -->
27    <uses-permission android:name="android.permission.CAMERA" />
27-->src\main\AndroidManifest.xml:22:5-65
27-->src\main\AndroidManifest.xml:22:22-62
28    <uses-permission android:name="android.permission.RECORD_AUDIO" />
28-->src\main\AndroidManifest.xml:23:5-71
28-->src\main\AndroidManifest.xml:23:22-68
29    <uses-permission
29-->src\main\AndroidManifest.xml:24:5-25:38
30        android:name="android.permission.WRITE_EXTERNAL_STORAGE"
30-->src\main\AndroidManifest.xml:24:22-78
31        android:maxSdkVersion="28" />
31-->src\main\AndroidManifest.xml:25:9-35
32
33    <!-- A camera with burst capability is required to use this application -->
34    <uses-feature android:name="android.hardware.camera.any" />
34-->src\main\AndroidManifest.xml:28:5-64
34-->src\main\AndroidManifest.xml:28:19-61
35
36    <!-- Although the *SdkVersion is captured in gradle build files, this is required for non gradle builds -->
37    <!-- <uses-sdk android:minSdkVersion="14"/> -->
38    <uses-permission android:name="android.permission.ACCESS_NETWORK_STATE" />
38-->[com.google.android.datatransport:transport-backend-cct:2.3.3] AndroidManifest.xml:25:5-79
38-->[com.google.android.datatransport:transport-backend-cct:2.3.3] AndroidManifest.xml:25:22-76
39    <uses-permission android:name="android.permission.INTERNET" />
39-->[com.google.android.datatransport:transport-backend-cct:2.3.3] AndroidManifest.xml:26:5-67
39-->[com.google.android.datatransport:transport-backend-cct:2.3.3] AndroidManifest.xml:26:22-64
40
41    <application
41-->src\main\AndroidManifest.xml:30:5-62:19
42        android:name="com.example.android.camerax.video.MainApplication"
42-->src\main\AndroidManifest.xml:31:9-40
43        android:allowBackup="true"
43-->src\main\AndroidManifest.xml:32:9-35
44        android:appComponentFactory="androidx.core.app.CoreComponentFactory"
44-->[androidx.core:core:1.7.0] AndroidManifest.xml:24:18-86
45        android:debuggable="true"
46        android:icon="@drawable/ic_launcher"
46-->src\main\AndroidManifest.xml:34:9-45
47        android:label="@string/app_name" >
47-->src\main\AndroidManifest.xml:33:9-41
48        <activity
48-->src\main\AndroidManifest.xml:37:9-49:20
49            android:name="com.example.android.camerax.video.MainActivity"
49-->src\main\AndroidManifest.xml:38:13-74
50            android:clearTaskOnLaunch="true"
50-->src\main\AndroidManifest.xml:39:13-45
51            android:exported="true"
51-->src\main\AndroidManifest.xml:41:13-36
52            android:theme="@style/AppTheme" >
52-->src\main\AndroidManifest.xml:40:13-44
53
54            <!-- Main app intent filter -->
55            <intent-filter>
55-->src\main\AndroidManifest.xml:44:13-47:29
56                <action android:name="android.intent.action.MAIN" />
56-->src\main\AndroidManifest.xml:45:17-69
56-->src\main\AndroidManifest.xml:45:25-66
57
58                <category android:name="android.intent.category.LAUNCHER" />
58-->src\main\AndroidManifest.xml:46:17-77
58-->src\main\AndroidManifest.xml:46:27-74
59            </intent-filter>
60        </activity>
61
62        <!-- FileProvider used to share media with other apps -->
63        <provider
64            android:name="androidx.core.content.FileProvider"
64-->src\main\AndroidManifest.xml:53:13-62
65            android:authorities="com.android.example.camerax.video.provider"
65-->src\main\AndroidManifest.xml:54:13-60
66            android:exported="false"
66-->src\main\AndroidManifest.xml:55:13-37
67            android:grantUriPermissions="true" >
67-->src\main\AndroidManifest.xml:56:13-47
68            <meta-data
68-->src\main\AndroidManifest.xml:57:13-59:53
69                android:name="android.support.FILE_PROVIDER_PATHS"
69-->src\main\AndroidManifest.xml:58:17-67
70                android:resource="@xml/file_paths" />
70-->src\main\AndroidManifest.xml:59:17-51
71        </provider>
72
73        <service
73-->[com.google.android.gms:play-services-mlkit-face-detection:17.1.0] AndroidManifest.xml:9:9-15:19
74            android:name="com.google.mlkit.common.internal.MlKitComponentDiscoveryService"
74-->[com.google.android.gms:play-services-mlkit-face-detection:17.1.0] AndroidManifest.xml:10:13-91
75            android:directBootAware="true"
75-->[com.google.mlkit:common:18.5.0] AndroidManifest.xml:17:13-43
76            android:exported="false" >
76-->[com.google.android.gms:play-services-mlkit-face-detection:17.1.0] AndroidManifest.xml:11:13-37
77            <meta-data
77-->[com.google.android.gms:play-services-mlkit-face-detection:17.1.0] AndroidManifest.xml:12:13-14:85
78                android:name="com.google.firebase.components:com.google.mlkit.vision.face.internal.FaceRegistrar"
78-->[com.google.android.gms:play-services-mlkit-face-detection:17.1.0] AndroidManifest.xml:13:17-114
79                android:value="com.google.firebase.components.ComponentRegistrar" />
79-->[com.google.android.gms:play-services-mlkit-face-detection:17.1.0] AndroidManifest.xml:14:17-82
80            <meta-data
80-->[com.google.mlkit:vision-common:17.2.0] AndroidManifest.xml:12:13-14:85
81                android:name="com.google.firebase.components:com.google.mlkit.vision.common.internal.VisionCommonRegistrar"
81-->[com.google.mlkit:vision-common:17.2.0] AndroidManifest.xml:13:17-124
82                android:value="com.google.firebase.components.ComponentRegistrar" />
82-->[com.google.mlkit:vision-common:17.2.0] AndroidManifest.xml:14:17-82
83            <meta-data
83-->[com.google.mlkit:common:18.5.0] AndroidManifest.xml:20:13-22:85
84                android:name="com.google.firebase.components:com.google.mlkit.common.internal.CommonComponentRegistrar"
84-->[com.google.mlkit:common:18.5.0] AndroidManifest.xml:21:17-120
85                android:value="com.google.firebase.components.ComponentRegistrar" />
85-->[com.google.mlkit:common:18.5.0] AndroidManifest.xml:22:17-82
86        </service>
87
88        <provider
88-->[com.google.mlkit:common:18.5.0] AndroidManifest.xml:9:9-13:38
89            android:name="com.google.mlkit.common.internal.MlKitInitProvider"
89-->[com.google.mlkit:common:18.5.0] AndroidManifest.xml:10:13-78
90            android:authorities="com.android.example.camerax.video.mlkitinitprovider"
90-->[com.google.mlkit:common:18.5.0] AndroidManifest.xml:11:13-69
91            android:exported="false"
91-->[com.google.mlkit:common:18.5.0] AndroidManifest.xml:12:13-37
92            android:initOrder="99" />
92-->[com.google.mlkit:common:18.5.0] AndroidManifest.xml:13:13-35
93
94        <activity
94-->[com.google.android.gms:play-services-base:18.1.0] AndroidManifest.xml:20:9-22:45
95            android:name="com.google.android.gms.common.api.GoogleApiActivity"
95-->[com.google.android.gms:play-services-base:18.1.0] AndroidManifest.xml:20:19-85
96            android:exported="false"
96-->[com.google.android.gms:play-services-base:18.1.0] AndroidManifest.xml:22:19-43
97            android:theme="@android:style/Theme.Translucent.NoTitleBar" />
97-->[com.google.android.gms:play-services-base:18.1.0] AndroidManifest.xml:21:19-78
98
99        <meta-data
99-->[com.google.android.gms:play-services-basement:18.1.0] AndroidManifest.xml:21:9-23:69
100            android:name="com.google.android.gms.version"
100-->[com.google.android.gms:play-services-basement:18.1.0] AndroidManifest.xml:22:13-58
101            android:value="@integer/google_play_services_version" />
101-->[com.google.android.gms:play-services-basement:18.1.0] AndroidManifest.xml:23:13-66
102
103        <uses-library
103-->[androidx.window:window:1.0.0-rc01] AndroidManifest.xml:25:9-27:40
104            android:name="androidx.window.extensions"
104-->[androidx.window:window:1.0.0-rc01] AndroidManifest.xml:26:13-54
105            android:required="false" />
105-->[androidx.window:window:1.0.0-rc01] AndroidManifest.xml:27:13-37
106        <uses-library
106-->[androidx.window:window:1.0.0-rc01] AndroidManifest.xml:28:9-30:40
107            android:name="androidx.window.sidecar"
107-->[androidx.window:window:1.0.0-rc01] AndroidManifest.xml:29:13-51
108            android:required="false" />
108-->[androidx.window:window:1.0.0-rc01] AndroidManifest.xml:30:13-37
109
110        <service
110-->[androidx.camera:camera-camera2:1.1.0-beta01] AndroidManifest.xml:26:9-35:19
111            android:name="androidx.camera.core.impl.MetadataHolderService"
111-->[androidx.camera:camera-camera2:1.1.0-beta01] AndroidManifest.xml:27:13-75
112            android:enabled="false"
112-->[androidx.camera:camera-camera2:1.1.0-beta01] AndroidManifest.xml:28:13-36
113            android:exported="false" >
113-->[androidx.camera:camera-camera2:1.1.0-beta01] AndroidManifest.xml:29:13-37
114            <meta-data
114-->[androidx.camera:camera-camera2:1.1.0-beta01] AndroidManifest.xml:32:13-34:89
115                android:name="androidx.camera.core.impl.MetadataHolderService.DEFAULT_CONFIG_PROVIDER"
115-->[androidx.camera:camera-camera2:1.1.0-beta01] AndroidManifest.xml:33:17-103
116                android:value="androidx.camera.camera2.Camera2Config$DefaultProvider" />
116-->[androidx.camera:camera-camera2:1.1.0-beta01] AndroidManifest.xml:34:17-86
117        </service>
118
119        <provider
119-->[androidx.emoji2:emoji2:1.0.0] AndroidManifest.xml:26:9-34:20
120            android:name="androidx.startup.InitializationProvider"
120-->[androidx.emoji2:emoji2:1.0.0] AndroidManifest.xml:27:13-67
121            android:authorities="com.android.example.camerax.video.androidx-startup"
121-->[androidx.emoji2:emoji2:1.0.0] AndroidManifest.xml:28:13-68
122            android:exported="false" >
122-->[androidx.emoji2:emoji2:1.0.0] AndroidManifest.xml:29:13-37
123            <meta-data
123-->[androidx.emoji2:emoji2:1.0.0] AndroidManifest.xml:31:13-33:52
124                android:name="androidx.emoji2.text.EmojiCompatInitializer"
124-->[androidx.emoji2:emoji2:1.0.0] AndroidManifest.xml:32:17-75
125                android:value="androidx.startup" />
125-->[androidx.emoji2:emoji2:1.0.0] AndroidManifest.xml:33:17-49
126            <meta-data
126-->[androidx.lifecycle:lifecycle-process:2.4.0] AndroidManifest.xml:31:13-33:52
127                android:name="androidx.lifecycle.ProcessLifecycleInitializer"
127-->[androidx.lifecycle:lifecycle-process:2.4.0] AndroidManifest.xml:32:17-78
128                android:value="androidx.startup" />
128-->[androidx.lifecycle:lifecycle-process:2.4.0] AndroidManifest.xml:33:17-49
129        </provider>
130
131        <service
131-->[com.google.android.datatransport:transport-backend-cct:2.3.3] AndroidManifest.xml:29:9-35:19
132            android:name="com.google.android.datatransport.runtime.backends.TransportBackendDiscovery"
132-->[com.google.android.datatransport:transport-backend-cct:2.3.3] AndroidManifest.xml:30:13-103
133            android:exported="false" >
133-->[com.google.android.datatransport:transport-backend-cct:2.3.3] AndroidManifest.xml:31:13-37
134            <meta-data
134-->[com.google.android.datatransport:transport-backend-cct:2.3.3] AndroidManifest.xml:32:13-34:39
135                android:name="backend:com.google.android.datatransport.cct.CctBackendFactory"
135-->[com.google.android.datatransport:transport-backend-cct:2.3.3] AndroidManifest.xml:33:17-94
136                android:value="cct" />
136-->[com.google.android.datatransport:transport-backend-cct:2.3.3] AndroidManifest.xml:34:17-36
137        </service>
138        <service
138-->[com.google.android.datatransport:transport-runtime:2.2.6] AndroidManifest.xml:26:9-30:19
139            android:name="com.google.android.datatransport.runtime.scheduling.jobscheduling.JobInfoSchedulerService"
139-->[com.google.android.datatransport:transport-runtime:2.2.6] AndroidManifest.xml:27:13-117
140            android:exported="false"
140-->[com.google.android.datatransport:transport-runtime:2.2.6] AndroidManifest.xml:28:13-37
141            android:permission="android.permission.BIND_JOB_SERVICE" >
141-->[com.google.android.datatransport:transport-runtime:2.2.6] AndroidManifest.xml:29:13-69
142        </service>
143
144        <receiver
144-->[com.google.android.datatransport:transport-runtime:2.2.6] AndroidManifest.xml:32:9-34:40
145            android:name="com.google.android.datatransport.runtime.scheduling.jobscheduling.AlarmManagerSchedulerBroadcastReceiver"
145-->[com.google.android.datatransport:transport-runtime:2.2.6] AndroidManifest.xml:33:13-132
146            android:exported="false" />
146-->[com.google.android.datatransport:transport-runtime:2.2.6] AndroidManifest.xml:34:13-37
147    </application>
148
149</manifest>